#
# A fatal error has been detected by the Java Runtime Environment:
#
#  SIGSEGV (0xb) at pc=0x000000010f506210, pid=804, tid=0x0000000000002b03
#
# JRE version: OpenJDK Runtime Environment (8.0_152-b01) (build 1.8.0_152-release-1343-b01)
# Java VM: OpenJDK 64-Bit Server VM (25.152-b01 mixed mode bsd-amd64 compressed oops)
# Problematic frame:
# V  [libjvm.dylib+0x506210]
#
# Failed to write core dump. Core dumps have been disabled. To enable core dumping, try "ulimit -c unlimited" before starting Java again
#
# If you would like to submit a bug report, please visit:
#   http://bugreport.java.com/bugreport/crash.jsp
#

---------------  T H R E A D  ---------------

Current thread (0x00007f90e581a800):  VMThread [stack: 0x000070000da5d000,0x000070000db5d000] [id=11011]

siginfo: si_signo: 11 (SIGSEGV), si_code: 1 (SEGV_MAPERR), si_addr: 0x00007f91e7e27360

Registers:
RAX=0x0000000000000003, RBX=0x00007f90eadc7e50, RCX=0x0000000000000003, RDX=0x0000000000053d40
RSP=0x000070000db5c7c0, RBP=0x000070000db5c800, RSI=0x00000000000043d9, RDI=0x00007f91e7e27360
R8 =0x000007f90ec7449c, R9 =0x0000000000000029, R10=0x00007f90ec700000, R11=0x00007f90ec7b3a40
R12=0x000070000db5c810, R13=0x000000010f8030e0, R14=0x000070000db5c830, R15=0x00007f90ea50d1a0
RIP=0x000000010f506210, EFLAGS=0x0000000000010246, ERR=0x0000000000000004
  TRAPNO=0x000000000000000e

Top of Stack: (sp=0x000070000db5c7c0)
0x000070000db5c7c0:   000070000db5c810 00000000000043d9
0x000070000db5c7d0:   00004e2b0f812ff8 000070000db5c810
0x000070000db5c7e0:   000070000db5c910 000000010f82ca70
0x000070000db5c7f0:   000070000db5c8a8 000070000db5c910
0x000070000db5c800:   000070000db5c850 000000010f5062c5
0x000070000db5c810:   0000031c0003b3a3 00007f90edb0b098
0x000070000db5c820:   00007f90eb473090 00007f90e76d1758
0x000070000db5c830:   00000000001d1f6e 000070000db5c8a8
0x000070000db5c840:   0000000000000000 000070000db5c8c8
0x000070000db5c850:   000070000db5c960 000000010f49c294
0x000070000db5c860:   000000010f5d7d8c 00007000100c0100
0x000070000db5c870:   000000010f82c978 00000df6cd91f5d0
0x000070000db5c880:   000000010f7f1580 00007f9000000004
0x000070000db5c890:   00007f90e4d11710 0000000000000004
0x000070000db5c8a0:   000070000db5c8b0 0000000000000000
0x000070000db5c8b0:   0000000000001cc3 000000000000067c
0x000070000db5c8c0:   0000000000000013 000000010f5aa96b
0x000070000db5c8d0:   00007f90e5000100 000000010f82c978
0x000070000db5c8e0:   00000df6dcb413bc 000000010f7ef918
0x000070000db5c8f0:   00000001157f4400 00007f90e4d11c50
0x000070000db5c900:   000000010f7ef900 00007f90e4d11c50
0x000070000db5c910:   0000000000000000 0000000000001cc3
0x000070000db5c920:   000000000000067c 0000000000000013
0x000070000db5c930:   000070000db5c940 0000000000000000
0x000070000db5c940:   00007f90e4c0bee0 00007f90e4d112a0
0x000070000db5c950:   0000000000000000 000070000db5ca50
0x000070000db5c960:   000070000db5cbc0 000000010f49b7f1
0x000070000db5c970:   000070000db50100 0000000000000000
0x000070000db5c980:   0000000000000000 0000000000000000
0x000070000db5c990:   00007f90e4c04e60 00000df6cd8dff00
0x000070000db5c9a0:   000070000db5cb08 00007f90e4d10100
0x000070000db5c9b0:   0000000000000000 0000000000000000 

Instructions: (pc=0x000000010f506210)
0x000000010f5061f0:   77 48 8b 4d c8 4c 8d 3c c8 f6 43 08 01 74 0d 48
0x000000010f506200:   8d 05 72 90 30 00 8b 00 85 c0 74 5c 48 8b 7b 10
0x000000010f506210:   0f b7 07 83 c0 0f c1 e8 03 41 8b 4d 00 8d 44 01
0x000000010f506220:   ff f7 d9 21 c1 48 63 c1 49 01 06 41 ff 04 24 66 

Register to memory mapping:

RAX=0x0000000000000003 is an unknown value
RBX=0x00007f90eadc7e50 is an unknown value
RCX=0x0000000000000003 is an unknown value
RDX=0x0000000000053d40 is an unknown value
RSP=0x000070000db5c7c0 is an unknown value
RBP=0x000070000db5c800 is an unknown value
RSI=0x00000000000043d9 is an unknown value
RDI=0x00007f91e7e27360 is an unknown value
R8 =0x000007f90ec7449c is an unknown value
R9 =0x0000000000000029 is an unknown value
R10=0x00007f90ec700000 is an unknown value
R11=0x00007f90ec7b3a40 is an unknown value
R12=0x000070000db5c810 is an unknown value
R13=0x000000010f8030e0: MinObjAlignment+0 in /Applications/Android Studio.app/Contents/jre/jdk/Contents/Home/jre/lib/server/libjvm.dylib at 0x000000010f000000
R14=0x000070000db5c830 is an unknown value
R15=0x00007f90ea50d1a0 is an unknown value


Stack: [0x000070000da5d000,0x000070000db5d000],  sp=0x000070000db5c7c0,  free space=1021k
Native frames: (J=compiled Java code, j=interpreted, Vv=VM code, C=native code)
V  [libjvm.dylib+0x506210]
V  [libjvm.dylib+0x5062c5]
V  [libjvm.dylib+0x49c294]
V  [libjvm.dylib+0x49b7f1]
V  [libjvm.dylib+0x4a01e5]
V  [libjvm.dylib+0x47487a]
V  [libjvm.dylib+0x57159f]
V  [libjvm.dylib+0x581064]
V  [libjvm.dylib+0x580a00]
V  [libjvm.dylib+0x58045e]
V  [libjvm.dylib+0x580293]
V  [libjvm.dylib+0x45fb8d]
C  [libsystem_pthread.dylib+0x5daa]  _pthread_start+0x7d
C  [libsystem_pthread.dylib+0x26af]  thread_start+0xf

VM_Operation (0x000070001160cd50): ParallelGCFailedAllocation, mode: safepoint, requested by thread 0x00007f90ed94e800


---------------  P R O C E S S  ---------------

Java Threads: ( => current thread )
  0x00007f90ed94e800 JavaThread "ForkJoinPool-93-worker-0" daemon [_thread_blocked, id=30783, stack(0x000070001150e000,0x000070001160e000)]
  0x00007f90eb52c000 JavaThread "ForkJoinPool-93-worker-3" daemon [_thread_blocked, id=35171, stack(0x000070001140b000,0x000070001150b000)]
  0x00007f90eca7d800 JavaThread "ForkJoinPool-93-worker-2" daemon [_thread_blocked, id=15715, stack(0x0000700011308000,0x0000700011408000)]
  0x00007f90e9c1f000 JavaThread "ForkJoinPool-93-worker-1" daemon [_thread_blocked, id=29027, stack(0x0000700011205000,0x0000700011305000)]
  0x00007f90e94a8800 JavaThread "ForkJoinPool.commonPool-worker-2" daemon [_thread_blocked, id=31051, stack(0x0000700010fff000,0x00007000110ff000)]
  0x00007f90e8454000 JavaThread "ForkJoinPool.commonPool-worker-1" daemon [_thread_blocked, id=15211, stack(0x0000700011102000,0x0000700011202000)]
  0x00007f90e8362000 JavaThread "stdout" daemon [_thread_in_native, id=15967, stack(0x0000700010bf3000,0x0000700010cf3000)]
  0x00007f90e8361000 JavaThread "stderr" daemon [_thread_in_native, id=26719, stack(0x00007000109ed000,0x0000700010aed000)]
  0x00007f90e8360800 JavaThread "process reaper" daemon [_thread_in_native, id=44575, stack(0x000070000dd66000,0x000070000dd8e000)]
  0x00007f90eb535800 JavaThread "pool-99-thread-1" [_thread_blocked, id=25415, stack(0x00007000108ea000,0x00007000109ea000)]
  0x00007f90e9cea800 JavaThread "ForkJoinPool.commonPool-worker-3" daemon [_thread_blocked, id=21819, stack(0x00007000103db000,0x00007000104db000)]
  0x00007f90e8617800 JavaThread "Cache worker for Java compile cache (/Users/mojtaba/StudioProjects/Azhand/.gradle/5.1.1/javaCompile)" [_thread_blocked, id=27239, stack(0x00007000107e7000,0x00007000108e7000)]
  0x00007f90e8407000 JavaThread "Execution worker for ':' Thread 3" [_thread_blocked, id=34635, stack(0x00007000102d8000,0x00007000103d8000)]
  0x00007f90eb4f5000 JavaThread "Cache worker for execution history cache (/Users/mojtaba/StudioProjects/Azhand/.gradle/5.1.1/executionHistory)" [_thread_blocked, id=34411, stack(0x00007000100d2000,0x00007000101d2000)]
  0x00007f90edff0000 JavaThread "Execution worker for ':' Thread 2" [_thread_blocked, id=44351, stack(0x000070000ffcf000,0x00007000100cf000)]
  0x00007f90e9e32000 JavaThread "Execution worker for ':'" [_thread_blocked, id=28523, stack(0x000070000fecc000,0x000070000ffcc000)]
  0x00007f90e96a6000 JavaThread "Cache worker for file content cache (/Users/mojtaba/StudioProjects/Azhand/.gradle/5.1.1/fileContent)" [_thread_blocked, id=22083, stack(0x000070000fdc9000,0x000070000fec9000)]
  0x00007f90e69c8800 JavaThread "Cache worker for Build Output Cleanup Cache (/Users/mojtaba/StudioProjects/Azhand/.gradle/buildOutputCleanup)" [_thread_blocked, id=37199, stack(0x000070000fcc6000,0x000070000fdc6000)]
  0x00007f90e6afa000 JavaThread "pool-98-thread-1" [_thread_blocked, id=39303, stack(0x000070000f9bd000,0x000070000fabd000)]
  0x00007f90e6c0c800 JavaThread "Build operations Thread 4" [_thread_blocked, id=22907, stack(0x000070000f8ba000,0x000070000f9ba000)]
  0x00007f90e6c3b800 JavaThread "Build operations Thread 3" [_thread_blocked, id=22631, stack(0x000070000f7b7000,0x000070000f8b7000)]
  0x00007f90eafbc000 JavaThread "Build operations Thread 2" [_thread_blocked, id=28235, stack(0x000070000f6b4000,0x000070000f7b4000)]
  0x00007f90eb1b8800 JavaThread "Build operations" [_thread_blocked, id=23927, stack(0x000070000f5b1000,0x000070000f6b1000)]
  0x00007f90e9348000 JavaThread "Cache worker for cache directory md-rule (/Users/mojtaba/.gradle/caches/5.1.1/md-rule)" [_thread_blocked, id=33843, stack(0x000070000f4ae000,0x000070000f5ae000)]
  0x00007f90e91dc800 JavaThread "Cache worker for cache directory md-supplier (/Users/mojtaba/.gradle/caches/5.1.1/md-supplier)" [_thread_blocked, id=24699, stack(0x000070000f2a8000,0x000070000f3a8000)]
  0x00007f90ea439800 JavaThread "Cache worker for file hash cache (/Users/mojtaba/StudioProjects/Azhand/.gradle/5.1.1/fileHashes)" [_thread_blocked, id=86595, stack(0x000070000f1a5000,0x000070000f2a5000)]
  0x00007f90ead13800 JavaThread "Thread-518" [_thread_blocked, id=37739, stack(0x000070000f0a2000,0x000070000f1a2000)]
  0x00007f90e9406000 JavaThread "Stdin handler" [_thread_blocked, id=25643, stack(0x000070000ec16000,0x000070000ed16000)]
  0x00007f90e9503800 JavaThread "Asynchronous log dispatcher for DefaultDaemonConnection: socket connection from /127.0.0.1:49394 to /127.0.0.1:51086" [_thread_blocked, id=26227, stack(0x000070000eb13000,0x000070000ec13000)]
  0x00007f90e8439800 JavaThread "Cancel handler" [_thread_blocked, id=27951, stack(0x000070000e90d000,0x000070000ea0d000)]
  0x00007f90e90de000 JavaThread "Handler for socket connection from /127.0.0.1:49394 to /127.0.0.1:51086" [_thread_in_native, id=15471, stack(0x000070000e80a000,0x000070000e90a000)]
  0x00007f90e9594800 JavaThread "RMI TCP Connection(idle)" daemon [_thread_blocked, id=85011, stack(0x00007000104de000,0x00007000105de000)]
  0x00007f90edd9f000 JavaThread "RMI TCP Connection(83)-127.0.0.1" daemon [_thread_in_native, id=30279, stack(0x0000700010efc000,0x0000700010ffc000)]
  0x00007f90eb7ea000 JavaThread "Daemon worker Thread 15" [_thread_blocked, id=31823, stack(0x000070000ea10000,0x000070000eb10000)]
  0x00007f90eb3bf800 JavaThread "Daemon Thread 15" [_thread_blocked, id=39687, stack(0x000070000e707000,0x000070000e807000)]
  0x00007f90e89c9000 JavaThread "RMI Reaper" [_thread_blocked, id=19259, stack(0x0000700010cf6000,0x0000700010df6000)]
  0x00007f90ea646000 JavaThread "GC Daemon" daemon [_thread_blocked, id=32527, stack(0x0000700010af0000,0x0000700010bf0000)]
  0x00007f90e6cdb000 JavaThread "RMI TCP Accept-0" daemon [_thread_in_native, id=39443, stack(0x0000700010df9000,0x0000700010ef9000)]
  0x00007f90e96cc800 JavaThread "Cache worker for Java compile cache (/Users/mojtaba/.gradle/caches/5.1.1/javaCompile)" [_thread_blocked, id=36103, stack(0x00007000106e4000,0x00007000107e4000)]
  0x00007f90e5099800 JavaThread "RMI TCP Accept-0" daemon [_thread_in_native, id=28679, stack(0x00007000101d5000,0x00007000102d5000)]
  0x00007f90e61aa800 JavaThread "RMI Scheduler(0)" daemon [_thread_blocked, id=29959, stack(0x00007000105e1000,0x00007000106e1000)]
  0x00007f90e6945800 JavaThread "process reaper" daemon [_thread_in_native, id=36867, stack(0x000070000de14000,0x000070000de3c000)]
  0x00007f90e90dd000 JavaThread "Cache worker for file content cache (/Users/mojtaba/.gradle/caches/5.1.1/fileContent)" [_thread_blocked, id=40195, stack(0x000070000fbc3000,0x000070000fcc3000)]
  0x00007f90ea4b3800 JavaThread "Memory manager" [_thread_blocked, id=40451, stack(0x000070000fac0000,0x000070000fbc0000)]
  0x00007f90eab0c000 JavaThread "Cache worker for execution history cache (/Users/mojtaba/.gradle/caches/5.1.1/executionHistory)" [_thread_blocked, id=24835, stack(0x000070000f3ab000,0x000070000f4ab000)]
  0x00007f90e61b5800 JavaThread "Cache worker for journal cache (/Users/mojtaba/.gradle/caches/journal-1)" [_thread_blocked, id=41987, stack(0x000070000ef9f000,0x000070000f09f000)]
  0x00007f90e5072000 JavaThread "File lock request listener" [_thread_in_native, id=42243, stack(0x000070000ee9c000,0x000070000ef9c000)]
  0x00007f90e699b800 JavaThread "Cache worker for file hash cache (/Users/mojtaba/.gradle/caches/5.1.1/fileHashes)" [_thread_blocked, id=42755, stack(0x000070000ed99000,0x000070000ee99000)]
  0x00007f90e61ab800 JavaThread "Daemon periodic checks" [_thread_blocked, id=14339, stack(0x000070000e581000,0x000070000e681000)]
  0x00007f90e5464000 JavaThread "Incoming local TCP Connector on port 49394" [_thread_in_native, id=13827, stack(0x000070000e47e000,0x000070000e57e000)]
  0x00007f90e5063000 JavaThread "Service Thread" daemon [_thread_blocked, id=16899, stack(0x000070000e278000,0x000070000e378000)]
  0x00007f90e5048000 JavaThread "C1 CompilerThread2" daemon [_thread_blocked, id=17155, stack(0x000070000e175000,0x000070000e275000)]
  0x00007f90e5045000 JavaThread "C2 CompilerThread1" daemon [_thread_blocked, id=17667, stack(0x000070000e072000,0x000070000e172000)]
  0x00007f90e6003000 JavaThread "C2 CompilerThread0" daemon [_thread_blocked, id=18179, stack(0x000070000df6f000,0x000070000e06f000)]
  0x00007f90e5046000 JavaThread "Signal Dispatcher" daemon [_thread_blocked, id=18691, stack(0x000070000de6c000,0x000070000df6c000)]
  0x00007f90e502f800 JavaThread "Finalizer" daemon [_thread_blocked, id=12035, stack(0x000070000dc63000,0x000070000dd63000)]
  0x00007f90e581f000 JavaThread "Reference Handler" daemon [_thread_blocked, id=11523, stack(0x000070000db60000,0x000070000dc60000)]
  0x00007f90e5003800 JavaThread "main" [_thread_blocked, id=3843, stack(0x000070000d54e000,0x000070000d64e000)]

Other Threads:
=>0x00007f90e581a800 VMThread [stack: 0x000070000da5d000,0x000070000db5d000] [id=11011]
  0x00007f90e5063800 WatcherThread [stack: 0x000070000e37b000,0x000070000e47b000] [id=13571]

VM state:at safepoint (normal execution)

VM Mutex/Monitor currently owned by a thread:  ([mutex/lock_event])
[0x00007f90e4d0a970] Threads_lock - owner thread: 0x00007f90e581a800
[0x00007f90e4d0ae70] Heap_lock - owner thread: 0x00007f90ed94e800

Heap:
 PSYoungGen      total 389632K, used 134626K [0x00000007a0000000, 0x00000007c0000000, 0x00000007c0000000)
  eden space 254976K, 0% used [0x00000007a0000000,0x00000007a0000000,0x00000007af900000)
  from space 134656K, 99% used [0x00000007af900000,0x00000007b7c78920,0x00000007b7c80000)
  to   space 134656K, 0% used [0x00000007b7c80000,0x00000007b7c80000,0x00000007c0000000)
 ParOldGen       total 251392K, used 220485K [0x0000000760000000, 0x000000076f580000, 0x00000007a0000000)
  object space 251392K, 87% used [0x0000000760000000,0x000000076d751410,0x000000076f580000)
 Metaspace       used 152273K, capacity 162488K, committed 162624K, reserved 1191936K
  class space    used 19090K, capacity 20756K, committed 20864K, reserved 1048576K

Card table byte_map: [0x000000010fe9c000,0x000000011019d000] byte_map_base: 0x000000010c39c000

Marking Bits: (ParMarkBitMap*) 0x000000010f82c8f8
 Begin Bits: [0x000000011039d000, 0x0000000111b9d000)
 End Bits:   [0x0000000111b9d000, 0x000000011339d000)

Polling page: 0x000000010e7c6000

CodeCache: size=245760Kb used=100155Kb max_used=100657Kb free=145604Kb
 bounds [0x00000001157f4000, 0x000000011bb14000, 0x00000001247f4000]
 total_blobs=30535 nmethods=29567 adapters=876
 compilation: enabled

Compilation events (10 events):
Event: 15353.249 Thread 0x00007f90e5048000 nmethod 40068 0x0000000118dc4850 code [0x0000000118dc49c0, 0x0000000118dc4bf8]
Event: 15353.249 Thread 0x00007f90e5048000 40069       2       com.android.tools.r8.graph.DexMethod::<init> (79 bytes)
Event: 15353.250 Thread 0x00007f90e5048000 nmethod 40069 0x00000001170e0f90 code [0x00000001170e11c0, 0x00000001170e1848]
Event: 15353.252 Thread 0x00007f90e5048000 40071 %     3       com.android.tools.r8.graph.DexString::isValidMethodName @ 41 (76 bytes)
Event: 15353.253 Thread 0x00007f90e5048000 nmethod 40071% 0x00000001180a70d0 code [0x00000001180a72e0, 0x00000001180a7e28]
Event: 15353.257 Thread 0x00007f90e5048000 40072       3       com.android.tools.r8.graph.DexString::isValidMethodName (76 bytes)
Event: 15353.259 Thread 0x00007f90e5048000 nmethod 40072 0x000000011b69d110 code [0x000000011b69d320, 0x000000011b69de28]
Event: 15353.355 Thread 0x00007f90e6003000 nmethod 40012 0x0000000117458850 code [0x0000000117458d20, 0x000000011745b568]
Event: 15353.355 Thread 0x00007f90e6003000 40073       4       com.android.tools.r8.graph.DexString::isValidMethodName (76 bytes)
Event: 15353.363 Thread 0x00007f90e5048000 40076       2       com.android.tools.r8.code.BaseInstructionFactory::create (3362 bytes)

GC Heap History (10 events):
Event: 15345.851 GC heap after
Heap after GC invocations=66 (full 7):
 PSYoungGen      total 445952K, used 78305K [0x00000007a0000000, 0x00000007c0000000, 0x00000007c0000000)
  eden space 367616K, 0% used [0x00000007a0000000,0x00000007a0000000,0x00000007b6700000)
  from space 78336K, 99% used [0x00000007b6700000,0x00000007bb378408,0x00000007bb380000)
  to   space 78336K, 0% used [0x00000007bb380000,0x00000007bb380000,0x00000007c0000000)
 ParOldGen       total 251392K, used 159636K [0x0000000760000000, 0x000000076f580000, 0x00000007a0000000)
  object space 251392K, 63% used [0x0000000760000000,0x0000000769be5310,0x000000076f580000)
 Metaspace       used 151141K, capacity 161238K, committed 161344K, reserved 1189888K
  class space    used 19000K, capacity 20594K, committed 20608K, reserved 1048576K
}
Event: 15349.681 GC heap before
{Heap before GC invocations=67 (full 7):
 PSYoungGen      total 445952K, used 445921K [0x00000007a0000000, 0x00000007c0000000, 0x00000007c0000000)
  eden space 367616K, 100% used [0x00000007a0000000,0x00000007b6700000,0x00000007b6700000)
  from space 78336K, 99% used [0x00000007b6700000,0x00000007bb378408,0x00000007bb380000)
  to   space 78336K, 0% used [0x00000007bb380000,0x00000007bb380000,0x00000007c0000000)
 ParOldGen       total 251392K, used 159636K [0x0000000760000000, 0x000000076f580000, 0x00000007a0000000)
  object space 251392K, 63% used [0x0000000760000000,0x0000000769be5310,0x000000076f580000)
 Metaspace       used 151875K, capacity 161972K, committed 162240K, reserved 1191936K
  class space    used 19033K, capacity 20663K, committed 20736K, reserved 1048576K
Event: 15349.814 GC heap after
Heap after GC invocations=67 (full 7):
 PSYoungGen      total 361984K, used 78323K [0x00000007a0000000, 0x00000007c0000000, 0x00000007c0000000)
  eden space 283648K, 0% used [0x00000007a0000000,0x00000007a0000000,0x00000007b1500000)
  from space 78336K, 99% used [0x00000007bb380000,0x00000007bfffccd8,0x00000007c0000000)
  to   space 120320K, 0% used [0x00000007b1500000,0x00000007b1500000,0x00000007b8a80000)
 ParOldGen       total 251392K, used 172229K [0x0000000760000000, 0x000000076f580000, 0x00000007a0000000)
  object space 251392K, 68% used [0x0000000760000000,0x000000076a831690,0x000000076f580000)
 Metaspace       used 151875K, capacity 161972K, committed 162240K, reserved 1191936K
  class space    used 19033K, capacity 20663K, committed 20736K, reserved 1048576K
}
Event: 15350.438 GC heap before
{Heap before GC invocations=68 (full 7):
 PSYoungGen      total 361984K, used 361971K [0x00000007a0000000, 0x00000007c0000000, 0x00000007c0000000)
  eden space 283648K, 100% used [0x00000007a0000000,0x00000007b1500000,0x00000007b1500000)
  from space 78336K, 99% used [0x00000007bb380000,0x00000007bfffccd8,0x00000007c0000000)
  to   space 120320K, 0% used [0x00000007b1500000,0x00000007b1500000,0x00000007b8a80000)
 ParOldGen       total 251392K, used 172229K [0x0000000760000000, 0x000000076f580000, 0x00000007a0000000)
  object space 251392K, 68% used [0x0000000760000000,0x000000076a831690,0x000000076f580000)
 Metaspace       used 151883K, capacity 161980K, committed 162240K, reserved 1191936K
  class space    used 19033K, capacity 20663K, committed 20736K, reserved 1048576K
Event: 15350.541 GC heap after
Heap after GC invocations=68 (full 7):
 PSYoungGen      total 373248K, used 89368K [0x00000007a0000000, 0x00000007c0000000, 0x00000007c0000000)
  eden space 283648K, 0% used [0x00000007a0000000,0x00000007a0000000,0x00000007b1500000)
  from space 89600K, 99% used [0x00000007b1500000,0x00000007b6c462a0,0x00000007b6c80000)
  to   space 128000K, 0% used [0x00000007b8300000,0x00000007b8300000,0x00000007c0000000)
 ParOldGen       total 251392K, used 172229K [0x0000000760000000, 0x000000076f580000, 0x00000007a0000000)
  object space 251392K, 68% used [0x0000000760000000,0x000000076a831690,0x000000076f580000)
 Metaspace       used 151883K, capacity 161980K, committed 162240K, reserved 1191936K
  class space    used 19033K, capacity 20663K, committed 20736K, reserved 1048576K
}
Event: 15352.351 GC heap before
{Heap before GC invocations=69 (full 7):
 PSYoungGen      total 373248K, used 373016K [0x00000007a0000000, 0x00000007c0000000, 0x00000007c0000000)
  eden space 283648K, 100% used [0x00000007a0000000,0x00000007b1500000,0x00000007b1500000)
  from space 89600K, 99% used [0x00000007b1500000,0x00000007b6c462a0,0x00000007b6c80000)
  to   space 128000K, 0% used [0x00000007b8300000,0x00000007b8300000,0x00000007c0000000)
 ParOldGen       total 251392K, used 172229K [0x0000000760000000, 0x000000076f580000, 0x00000007a0000000)
  object space 251392K, 68% used [0x0000000760000000,0x000000076a831690,0x000000076f580000)
 Metaspace       used 152203K, capacity 162358K, committed 162496K, reserved 1191936K
  class space    used 19084K, capacity 20717K, committed 20736K, reserved 1048576K
Event: 15352.450 GC heap after
Heap after GC invocations=69 (full 7):
 PSYoungGen      total 382976K, used 91914K [0x00000007a0000000, 0x00000007c0000000, 0x00000007c0000000)
  eden space 254976K, 0% used [0x00000007a0000000,0x00000007a0000000,0x00000007af900000)
  from space 128000K, 71% used [0x00000007b8300000,0x00000007bdcc29d8,0x00000007c0000000)
  to   space 134656K, 0% used [0x00000007af900000,0x00000007af900000,0x00000007b7c80000)
 ParOldGen       total 251392K, used 172349K [0x0000000760000000, 0x000000076f580000, 0x00000007a0000000)
  object space 251392K, 68% used [0x0000000760000000,0x000000076a84f690,0x000000076f580000)
 Metaspace       used 152203K, capacity 162358K, committed 162496K, reserved 1191936K
  class space    used 19084K, capacity 20717K, committed 20736K, reserved 1048576K
}
Event: 15353.431 GC heap before
{Heap before GC invocations=70 (full 7):
 PSYoungGen      total 382976K, used 346890K [0x00000007a0000000, 0x00000007c0000000, 0x00000007c0000000)
  eden space 254976K, 100% used [0x00000007a0000000,0x00000007af900000,0x00000007af900000)
  from space 128000K, 71% used [0x00000007b8300000,0x00000007bdcc29d8,0x00000007c0000000)
  to   space 134656K, 0% used [0x00000007af900000,0x00000007af900000,0x00000007b7c80000)
 ParOldGen       total 251392K, used 172349K [0x0000000760000000, 0x000000076f580000, 0x00000007a0000000)
  object space 251392K, 68% used [0x0000000760000000,0x000000076a84f690,0x000000076f580000)
 Metaspace       used 152273K, capacity 162488K, committed 162624K, reserved 1191936K
  class space    used 19090K, capacity 20756K, committed 20864K, reserved 1048576K
Event: 15353.662 GC heap after
Heap after GC invocations=70 (full 7):
 PSYoungGen      total 389632K, used 134626K [0x00000007a0000000, 0x00000007c0000000, 0x00000007c0000000)
  eden space 254976K, 0% used [0x00000007a0000000,0x00000007a0000000,0x00000007af900000)
  from space 134656K, 99% used [0x00000007af900000,0x00000007b7c78920,0x00000007b7c80000)
  to   space 134656K, 0% used [0x00000007b7c80000,0x00000007b7c80000,0x00000007c0000000)
 ParOldGen       total 251392K, used 220485K [0x0000000760000000, 0x000000076f580000, 0x00000007a0000000)
  object space 251392K, 87% used [0x0000000760000000,0x000000076d751410,0x000000076f580000)
 Metaspace       used 152273K, capacity 162488K, committed 162624K, reserved 1191936K
  class space    used 19090K, capacity 20756K, committed 20864K, reserved 1048576K
}
Event: 15353.662 GC heap before
{Heap before GC invocations=71 (full 8):
 PSYoungGen      total 389632K, used 134626K [0x00000007a0000000, 0x00000007c0000000, 0x00000007c0000000)
  eden space 254976K, 0% used [0x00000007a0000000,0x00000007a0000000,0x00000007af900000)
  from space 134656K, 99% used [0x00000007af900000,0x00000007b7c78920,0x00000007b7c80000)
  to   space 134656K, 0% used [0x00000007b7c80000,0x00000007b7c80000,0x00000007c0000000)
 ParOldGen       total 251392K, used 220485K [0x0000000760000000, 0x000000076f580000, 0x00000007a0000000)
  object space 251392K, 87% used [0x0000000760000000,0x000000076d751410,0x000000076f580000)
 Metaspace       used 152273K, capacity 162488K, committed 162624K, reserved 1191936K
  class space    used 19090K, capacity 20756K, committed 20864K, reserved 1048576K

Deoptimization events (10 events):
Event: 15352.608 Thread 0x00007f90edff0000 Uncommon trap: reason=bimorphic action=maybe_recompile pc=0x00000001172776d4 method=java.util.ArrayList$ArrayListSpliterator.tryAdvance(Ljava/util/function/Consumer;)Z @ 48
Event: 15352.608 Thread 0x00007f90edff0000 Uncommon trap: reason=bimorphic action=maybe_recompile pc=0x00000001172776d4 method=java.util.ArrayList$ArrayListSpliterator.tryAdvance(Ljava/util/function/Consumer;)Z @ 48
Event: 15352.608 Thread 0x00007f90edff0000 Uncommon trap: reason=bimorphic action=maybe_recompile pc=0x00000001172776d4 method=java.util.ArrayList$ArrayListSpliterator.tryAdvance(Ljava/util/function/Consumer;)Z @ 48
Event: 15352.608 Thread 0x00007f90edff0000 Uncommon trap: reason=bimorphic action=maybe_recompile pc=0x00000001172776d4 method=java.util.ArrayList$ArrayListSpliterator.tryAdvance(Ljava/util/function/Consumer;)Z @ 48
Event: 15353.247 Thread 0x00007f90edff0000 Uncommon trap: reason=unstable_if action=reinterpret pc=0x0000000117f23ad0 method=com.android.tools.r8.utils.IdentifierUtils.isSimpleNameChar(I)Z @ 45
Event: 15353.247 Thread 0x00007f90edff0000 Uncommon trap: reason=unstable_if action=reinterpret pc=0x0000000117deb1a4 method=com.android.tools.r8.utils.IdentifierUtils.isSimpleNameChar(I)Z @ 45
Event: 15353.247 Thread 0x00007f90edff0000 Uncommon trap: reason=unstable_if action=reinterpret pc=0x00000001192e1b68 method=com.android.tools.r8.utils.IdentifierUtils.isSimpleNameChar(I)Z @ 45
Event: 15353.247 Thread 0x00007f90edff0000 Uncommon trap: reason=unstable_if action=reinterpret pc=0x00000001170243e8 method=com.android.tools.r8.utils.IdentifierUtils.isSimpleNameChar(I)Z @ 45
Event: 15353.247 Thread 0x00007f90edff0000 Uncommon trap: reason=unstable_if action=reinterpret pc=0x0000000115d11068 method=com.android.tools.r8.utils.IdentifierUtils.isSimpleNameChar(I)Z @ 45
Event: 15353.362 Thread 0x00007f90eb52c000 Uncommon trap: reason=unloaded action=reinterpret pc=0x000000011b09ec34 method=com.android.tools.r8.code.BaseInstructionFactory.create(IILcom/android/tools/r8/code/BytecodeStream;Lcom/android/tools/r8/graph/OffsetToObjectMapping;)Lcom/android/tools/r8/cod

Classes redefined (0 events):
No events

Internal exceptions (10 events):
Event: 15351.242 Thread 0x00007f90eb7ea000 Exception <a 'sun/nio/fs/UnixException'> (0x00000007a6fb1b48) thrown at [/Volumes/android/AOSP-openjdk-git/jdk8u/hotspot/src/share/vm/prims/jni.cpp, line 709]
Event: 15351.242 Thread 0x00007f90eb7ea000 Exception <a 'sun/nio/fs/UnixException'> (0x00000007a6fb3558) thrown at [/Volumes/android/AOSP-openjdk-git/jdk8u/hotspot/src/share/vm/prims/jni.cpp, line 709]
Event: 15351.242 Thread 0x00007f90eb7ea000 Exception <a 'sun/nio/fs/UnixException'> (0x00000007a6fb4f68) thrown at [/Volumes/android/AOSP-openjdk-git/jdk8u/hotspot/src/share/vm/prims/jni.cpp, line 709]
Event: 15351.242 Thread 0x00007f90eb7ea000 Exception <a 'sun/nio/fs/UnixException'> (0x00000007a6fb6720) thrown at [/Volumes/android/AOSP-openjdk-git/jdk8u/hotspot/src/share/vm/prims/jni.cpp, line 709]
Event: 15351.713 Thread 0x00007f90eb7ea000 Exception <a 'sun/nio/fs/UnixException'> (0x00000007a9e4b4b8) thrown at [/Volumes/android/AOSP-openjdk-git/jdk8u/hotspot/src/share/vm/prims/jni.cpp, line 709]
Event: 15352.037 Thread 0x00007f90e9cea800 Exception <a 'sun/nio/fs/UnixException'> (0x00000007adcd3740) thrown at [/Volumes/android/AOSP-openjdk-git/jdk8u/hotspot/src/share/vm/prims/jni.cpp, line 709]
Event: 15352.038 Thread 0x00007f90e9cea800 Exception <a 'sun/nio/fs/UnixException'> (0x00000007adcd3db0) thrown at [/Volumes/android/AOSP-openjdk-git/jdk8u/hotspot/src/share/vm/prims/jni.cpp, line 709]
Event: 15352.038 Thread 0x00007f90e9cea800 Exception <a 'sun/nio/fs/UnixException'> (0x00000007adcd43f0) thrown at [/Volumes/android/AOSP-openjdk-git/jdk8u/hotspot/src/share/vm/prims/jni.cpp, line 709]
Event: 15352.200 Thread 0x00007f90e8454000 Exception <a 'sun/nio/fs/UnixException'> (0x00000007afdfc160) thrown at [/Volumes/android/AOSP-openjdk-git/jdk8u/hotspot/src/share/vm/prims/jni.cpp, line 709]
Event: 15352.508 Thread 0x00007f90e94a8800 Exception <a 'sun/nio/fs/UnixException'> (0x00000007a05b2fd0) thrown at [/Volumes/android/AOSP-openjdk-git/jdk8u/hotspot/src/share/vm/prims/jni.cpp, line 709]

Events (10 events):
Event: 15353.375 Thread 0x00007f90ed94e800 DEOPT UNPACKING pc=0x000000011583b4c4 sp=0x000070001160cbb8 mode 0
Event: 15353.396 Thread 0x00007f90e9c1f000 DEOPT PACKING pc=0x0000000119f19e23 sp=0x0000700011303e00
Event: 15353.396 Thread 0x00007f90e9c1f000 DEOPT UNPACKING pc=0x000000011583b4c4 sp=0x0000700011303bb8 mode 0
Event: 15353.411 Thread 0x00007f90e9c1f000 DEOPT PACKING pc=0x0000000119f19e23 sp=0x0000700011303e00
Event: 15353.411 Thread 0x00007f90e9c1f000 DEOPT UNPACKING pc=0x000000011583b4c4 sp=0x0000700011303bb8 mode 0
Event: 15353.416 Thread 0x00007f90eca7d800 DEOPT PACKING pc=0x0000000119bbe1eb sp=0x0000700011407430
Event: 15353.418 Thread 0x00007f90eca7d800 DEOPT UNPACKING pc=0x000000011583b4c4 sp=0x0000700011407200 mode 0
Event: 15353.423 Thread 0x00007f90e9c1f000 DEOPT PACKING pc=0x0000000116195e29 sp=0x00007000113044e0
Event: 15353.423 Thread 0x00007f90e9c1f000 DEOPT UNPACKING pc=0x000000011583b4c4 sp=0x0000700011304248 mode 0
Event: 15353.430 Executing VM operation: ParallelGCFailedAllocation


Dynamic libraries:
0x0000000005410000 	/System/Library/Frameworks/Cocoa.framework/Versions/A/Cocoa
0x0000000005410000 	/System/Library/Frameworks/Security.framework/Versions/A/Security
0x0000000005410000 	/System/Library/Frameworks/ApplicationServices.framework/Versions/A/ApplicationServices
0x0000000005410000 	/usr/lib/libz.1.dylib
0x0000000005410000 	/usr/lib/libSystem.B.dylib
0x0000000005410000 	/System/Library/Frameworks/CoreFoundation.framework/Versions/A/CoreFoundation
0x0000000005410000 	/System/Library/Frameworks/Foundation.framework/Versions/C/Foundation
0x0000000005410000 	/usr/lib/libobjc.A.dylib
0x0000000005410000 	/System/Library/Frameworks/AppKit.framework/Versions/C/AppKit
0x0000000005410000 	/System/Library/Frameworks/CoreData.framework/Versions/A/CoreData
0x0000000005410000 	/System/Library/PrivateFrameworks/UIFoundation.framework/Versions/A/UIFoundation
0x0000000005410000 	/System/Library/PrivateFrameworks/RemoteViewServices.framework/Versions/A/RemoteViewServices
0x0000000005410000 	/System/Library/PrivateFrameworks/XCTTargetBootstrap.framework/Versions/A/XCTTargetBootstrap
0x0000000005410000 	/System/Library/Frameworks/CoreDisplay.framework/Versions/A/CoreDisplay
0x0000000005410000 	/System/Library/Frameworks/Metal.framework/Versions/A/Metal
0x0000000005410000 	/System/Library/PrivateFrameworks/DesktopServicesPriv.framework/Versions/A/DesktopServicesPriv
0x0000000005410000 	/usr/lib/liblangid.dylib
0x0000000005410000 	/System/Library/PrivateFrameworks/CoreSVG.framework/Versions/A/CoreSVG
0x0000000005410000 	/System/Library/PrivateFrameworks/SkyLight.framework/Versions/A/SkyLight
0x0000000005410000 	/System/Library/Frameworks/CoreGraphics.framework/Versions/A/CoreGraphics
0x0000000005410000 	/System/Library/Frameworks/Accelerate.framework/Versions/A/Accelerate
0x0000000005410000 	/usr/lib/libxml2.2.dylib
0x0000000005410000 	/System/Library/PrivateFrameworks/IconServices.framework/Versions/A/IconServices
0x0000000005410000 	/System/Library/Frameworks/IOSurface.framework/Versions/A/IOSurface
0x0000000005410000 	/usr/lib/libDiagnosticMessagesClient.dylib
0x0000000005410000 	/System/Library/PrivateFrameworks/DFRFoundation.framework/Versions/A/DFRFoundation
0x0000000005410000 	/usr/lib/libicucore.A.dylib
0x0000000005410000 	/System/Library/Frameworks/AudioToolbox.framework/Versions/A/AudioToolbox
0x0000000005410000 	/System/Library/Frameworks/AudioUnit.framework/Versions/A/AudioUnit
0x0000000005410000 	/usr/lib/libauto.dylib
0x0000000005410000 	/System/Library/PrivateFrameworks/DataDetectorsCore.framework/Versions/A/DataDetectorsCore
0x0000000005410000 	/System/Library/Frameworks/Carbon.framework/Versions/A/Frameworks/HIToolbox.framework/Versions/A/HIToolbox
0x0000000005410000 	/System/Library/Frameworks/QuartzCore.framework/Versions/A/QuartzCore
0x0000000005410000 	/System/Library/Frameworks/Carbon.framework/Versions/A/Frameworks/SpeechRecognition.framework/Versions/A/SpeechRecognition
0x0000000005410000 	/System/Library/PrivateFrameworks/CoreUI.framework/Versions/A/CoreUI
0x0000000005410000 	/System/Library/Frameworks/CoreAudio.framework/Versions/A/CoreAudio
0x0000000005410000 	/System/Library/Frameworks/DiskArbitration.framework/Versions/A/DiskArbitration
0x0000000005410000 	/System/Library/PrivateFrameworks/MultitouchSupport.framework/Versions/A/MultitouchSupport
0x0000000005410000 	/usr/lib/libenergytrace.dylib
0x0000000005410000 	/System/Library/Frameworks/IOKit.framework/Versions/A/IOKit
0x0000000005410000 	/System/Library/Frameworks/CoreServices.framework/Versions/A/CoreServices
0x0000000005410000 	/System/Library/PrivateFrameworks/PerformanceAnalysis.framework/Versions/A/PerformanceAnalysis
0x0000000005410000 	/System/Library/Frameworks/OpenGL.framework/Versions/A/OpenGL
0x0000000005410000 	/System/Library/Frameworks/ColorSync.framework/Versions/A/ColorSync
0x0000000005410000 	/System/Library/Frameworks/CoreImage.framework/Versions/A/CoreImage
0x0000000005410000 	/System/Library/Frameworks/CoreText.framework/Versions/A/CoreText
0x0000000005410000 	/System/Library/Frameworks/ImageIO.framework/Versions/A/ImageIO
0x0000000005410000 	/usr/lib/libc++.1.dylib
0x0000000005410000 	/usr/lib/libcompression.dylib
0x0000000005410000 	/System/Library/PrivateFrameworks/TextureIO.framework/Versions/A/TextureIO
0x0000000005410000 	/usr/lib/libate.dylib
0x0000000005410000 	/System/Library/PrivateFrameworks/InternationalSupport.framework/Versions/A/InternationalSupport
0x0000000005410000 	/usr/lib/system/libcache.dylib
0x0000000005410000 	/usr/lib/system/libcommonCrypto.dylib
0x0000000005410000 	/usr/lib/system/libcompiler_rt.dylib
0x0000000005410000 	/usr/lib/system/libcopyfile.dylib
0x0000000005410000 	/usr/lib/system/libcorecrypto.dylib
0x0000000005410000 	/usr/lib/system/libdispatch.dylib
0x0000000005410000 	/usr/lib/system/libdyld.dylib
0x0000000005410000 	/usr/lib/system/libkeymgr.dylib
0x0000000005410000 	/usr/lib/system/liblaunch.dylib
0x0000000005410000 	/usr/lib/system/libmacho.dylib
0x0000000005410000 	/usr/lib/system/libquarantine.dylib
0x0000000005410000 	/usr/lib/system/libremovefile.dylib
0x0000000005410000 	/usr/lib/system/libsystem_asl.dylib
0x0000000005410000 	/usr/lib/system/libsystem_blocks.dylib
0x0000000005410000 	/usr/lib/system/libsystem_c.dylib
0x0000000005410000 	/usr/lib/system/libsystem_configuration.dylib
0x0000000005410000 	/usr/lib/system/libsystem_coreservices.dylib
0x0000000005410000 	/usr/lib/system/libsystem_darwin.dylib
0x0000000005410000 	/usr/lib/system/libsystem_dnssd.dylib
0x0000000005410000 	/usr/lib/system/libsystem_featureflags.dylib
0x0000000005410000 	/usr/lib/system/libsystem_info.dylib
0x0000000005410000 	/usr/lib/system/libsystem_m.dylib
0x0000000005410000 	/usr/lib/system/libsystem_malloc.dylib
0x0000000005410000 	/usr/lib/system/libsystem_networkextension.dylib
0x0000000005410000 	/usr/lib/system/libsystem_notify.dylib
0x0000000005410000 	/usr/lib/system/libsystem_sandbox.dylib
0x0000000005410000 	/usr/lib/system/libsystem_secinit.dylib
0x0000000005410000 	/usr/lib/system/libsystem_kernel.dylib
0x0000000005410000 	/usr/lib/system/libsystem_platform.dylib
0x0000000005410000 	/usr/lib/system/libsystem_pthread.dylib
0x0000000005410000 	/usr/lib/system/libsystem_symptoms.dylib
0x0000000005410000 	/usr/lib/system/libsystem_trace.dylib
0x0000000005410000 	/usr/lib/system/libunwind.dylib
0x0000000005410000 	/usr/lib/system/libxpc.dylib
0x0000000005410000 	/usr/lib/libc++abi.dylib
0x0000000005410000 	/usr/lib/liblzma.5.dylib
0x0000000005410000 	/usr/lib/libfakelink.dylib
0x0000000005410000 	/usr/lib/libarchive.2.dylib
0x0000000005410000 	/System/Library/Frameworks/SystemConfiguration.framework/Versions/A/SystemConfiguration
0x0000000005410000 	/usr/lib/libCRFSuite.dylib
0x0000000005410000 	/System/Library/Frameworks/CFNetwork.framework/Versions/A/CFNetwork
0x0000000005410000 	/usr/lib/libbsm.0.dylib
0x0000000005410000 	/usr/lib/system/libkxld.dylib
0x0000000005410000 	/System/Library/PrivateFrameworks/AppleFSCompression.framework/Versions/A/AppleFSCompression
0x0000000005410000 	/usr/lib/libcoretls.dylib
0x0000000005410000 	/usr/lib/libcoretls_cfhelpers.dylib
0x0000000005410000 	/usr/lib/libpam.2.dylib
0x0000000005410000 	/usr/lib/libsqlite3.dylib
0x0000000005410000 	/usr/lib/libxar.1.dylib
0x0000000005410000 	/usr/lib/libbz2.1.0.dylib
0x0000000005410000 	/usr/lib/libiconv.2.dylib
0x0000000005410000 	/usr/lib/libcharset.1.dylib
0x0000000005410000 	/usr/lib/libnetwork.dylib
0x0000000005410000 	/usr/lib/libpcap.A.dylib
0x0000000005410000 	/usr/lib/libapple_nghttp2.dylib
0x0000000005410000 	/System/Library/Frameworks/CoreServices.framework/Versions/A/Frameworks/FSEvents.framework/Versions/A/FSEvents
0x0000000005410000 	/System/Library/Frameworks/CoreServices.framework/Versions/A/Frameworks/CarbonCore.framework/Versions/A/CarbonCore
0x0000000005410000 	/System/Library/Frameworks/CoreServices.framework/Versions/A/Frameworks/Metadata.framework/Versions/A/Metadata
0x0000000005410000 	/System/Library/Frameworks/CoreServices.framework/Versions/A/Frameworks/OSServices.framework/Versions/A/OSServices
0x0000000005410000 	/System/Library/Frameworks/CoreServices.framework/Versions/A/Frameworks/SearchKit.framework/Versions/A/SearchKit
0x0000000005410000 	/System/Library/Frameworks/CoreServices.framework/Versions/A/Frameworks/AE.framework/Versions/A/AE
0x0000000005410000 	/System/Library/Frameworks/CoreServices.framework/Versions/A/Frameworks/LaunchServices.framework/Versions/A/LaunchServices
0x0000000005410000 	/System/Library/Frameworks/CoreServices.framework/Versions/A/Frameworks/DictionaryServices.framework/Versions/A/DictionaryServices
0x0000000005410000 	/System/Library/Frameworks/CoreServices.framework/Versions/A/Frameworks/SharedFileList.framework/Versions/A/SharedFileList
0x0000000005410000 	/System/Library/Frameworks/NetFS.framework/Versions/A/NetFS
0x0000000005410000 	/System/Library/PrivateFrameworks/NetAuth.framework/Versions/A/NetAuth
0x0000000005410000 	/System/Library/PrivateFrameworks/login.framework/Versions/A/Frameworks/loginsupport.framework/Versions/A/loginsupport
0x0000000005410000 	/System/Library/PrivateFrameworks/TCC.framework/Versions/A/TCC
0x0000000005410000 	/System/Library/PrivateFrameworks/CoreNLP.framework/Versions/A/CoreNLP
0x0000000005410000 	/System/Library/PrivateFrameworks/MetadataUtilities.framework/Versions/A/MetadataUtilities
0x0000000005410000 	/usr/lib/libmecabra.dylib
0x0000000005410000 	/usr/lib/libmecab.dylib
0x0000000005410000 	/usr/lib/libgermantok.dylib
0x0000000005410000 	/usr/lib/libThaiTokenizer.dylib
0x0000000005410000 	/usr/lib/libChineseTokenizer.dylib
0x0000000005410000 	/System/Library/Frameworks/Accelerate.framework/Versions/A/Frameworks/vImage.framework/Versions/A/vImage
0x0000000005410000 	/System/Library/Frameworks/Accelerate.framework/Versions/A/Frameworks/vecLib.framework/Versions/A/vecLib
0x0000000005410000 	/System/Library/Frameworks/Accelerate.framework/Versions/A/Frameworks/vecLib.framework/Versions/A/libvMisc.dylib
0x0000000005410000 	/System/Library/Frameworks/Accelerate.framework/Versions/A/Frameworks/vecLib.framework/Versions/A/libvDSP.dylib
0x0000000005410000 	/System/Library/Frameworks/Accelerate.framework/Versions/A/Frameworks/vecLib.framework/Versions/A/libBLAS.dylib
0x0000000005410000 	/System/Library/Frameworks/Accelerate.framework/Versions/A/Frameworks/vecLib.framework/Versions/A/libLAPACK.dylib
0x0000000005410000 	/System/Library/Frameworks/Accelerate.framework/Versions/A/Frameworks/vecLib.framework/Versions/A/libLinearAlgebra.dylib
0x0000000005410000 	/System/Library/Frameworks/Accelerate.framework/Versions/A/Frameworks/vecLib.framework/Versions/A/libSparseBLAS.dylib
0x0000000005410000 	/System/Library/Frameworks/Accelerate.framework/Versions/A/Frameworks/vecLib.framework/Versions/A/libQuadrature.dylib
0x0000000005410000 	/System/Library/Frameworks/Accelerate.framework/Versions/A/Frameworks/vecLib.framework/Versions/A/libBNNS.dylib
0x0000000005410000 	/System/Library/Frameworks/Accelerate.framework/Versions/A/Frameworks/vecLib.framework/Versions/A/libSparse.dylib
0x0000000005410000 	/System/Library/PrivateFrameworks/LanguageModeling.framework/Versions/A/LanguageModeling
0x0000000005410000 	/System/Library/PrivateFrameworks/CoreEmoji.framework/Versions/A/CoreEmoji
0x0000000005410000 	/System/Library/PrivateFrameworks/LinguisticData.framework/Versions/A/LinguisticData
0x0000000005410000 	/System/Library/PrivateFrameworks/Lexicon.framework/Versions/A/Lexicon
0x0000000005410000 	/usr/lib/libcmph.dylib
0x0000000005410000 	/System/Library/Frameworks/OpenDirectory.framework/Versions/A/Frameworks/CFOpenDirectory.framework/Versions/A/CFOpenDirectory
0x0000000005410000 	/System/Library/Frameworks/OpenDirectory.framework/Versions/A/OpenDirectory
0x0000000005410000 	/System/Library/PrivateFrameworks/APFS.framework/Versions/A/APFS
0x0000000005410000 	/System/Library/Frameworks/SecurityFoundation.framework/Versions/A/SecurityFoundation
0x0000000005410000 	/usr/lib/libutil.dylib
0x0000000005410000 	/System/Library/PrivateFrameworks/CoreServicesStore.framework/Versions/A/CoreServicesStore
0x0000000005410000 	/System/Library/Frameworks/ServiceManagement.framework/Versions/A/ServiceManagement
0x0000000005410000 	/System/Library/PrivateFrameworks/BackgroundTaskManagement.framework/Versions/A/BackgroundTaskManagement
0x0000000005410000 	/usr/lib/libxslt.1.dylib
0x0000000005410000 	/System/Library/Frameworks/ImageIO.framework/Versions/A/Resources/libJPEG.dylib
0x0000000005410000 	/System/Library/Frameworks/ImageIO.framework/Versions/A/Resources/libTIFF.dylib
0x0000000005410000 	/System/Library/Frameworks/ImageIO.framework/Versions/A/Resources/libPng.dylib
0x0000000005410000 	/System/Library/Frameworks/ImageIO.framework/Versions/A/Resources/libGIF.dylib
0x0000000005410000 	/System/Library/Frameworks/ImageIO.framework/Versions/A/Resources/libJP2.dylib
0x0000000005410000 	/System/Library/Frameworks/ImageIO.framework/Versions/A/Resources/libRadiance.dylib
0x0000000005410000 	/usr/lib/libexpat.1.dylib
0x0000000005410000 	/System/Library/PrivateFrameworks/AppleJPEG.framework/Versions/A/AppleJPEG
0x0000000005410000 	/System/Library/PrivateFrameworks/FontServices.framework/libFontParser.dylib
0x0000000005410000 	/System/Library/PrivateFrameworks/WatchdogClient.framework/Versions/A/WatchdogClient
0x0000000005410000 	/System/Library/PrivateFrameworks/IOAccelerator.framework/Versions/A/IOAccelerator
0x0000000005410000 	/System/Library/Frameworks/MetalPerformanceShaders.framework/Versions/A/MetalPerformanceShaders
0x0000000005410000 	/System/Library/PrivateFrameworks/GPUWrangler.framework/Versions/A/GPUWrangler
0x0000000005410000 	/System/Library/PrivateFrameworks/IOPresentment.framework/Versions/A/IOPresentment
0x0000000005410000 	/System/Library/PrivateFrameworks/DSExternalDisplay.framework/Versions/A/DSExternalDisplay
0x0000000005410000 	/System/Library/Frameworks/OpenGL.framework/Versions/A/Libraries/libCoreFSCache.dylib
0x0000000005410000 	/System/Library/Frameworks/MetalPerformanceShaders.framework/Frameworks/MPSCore.framework/Versions/A/MPSCore
0x0000000005410000 	/System/Library/Frameworks/MetalPerformanceShaders.framework/Frameworks/MPSImage.framework/Versions/A/MPSImage
0x0000000005410000 	/System/Library/Frameworks/MetalPerformanceShaders.framework/Frameworks/MPSNeuralNetwork.framework/Versions/A/MPSNeuralNetwork
0x0000000005410000 	/System/Library/Frameworks/MetalPerformanceShaders.framework/Frameworks/MPSMatrix.framework/Versions/A/MPSMatrix
0x0000000005410000 	/System/Library/Frameworks/MetalPerformanceShaders.framework/Frameworks/MPSRayIntersector.framework/Versions/A/MPSRayIntersector
0x0000000005410000 	/System/Library/Frameworks/MetalPerformanceShaders.framework/Frameworks/MPSNDArray.framework/Versions/A/MPSNDArray
0x0000000005410000 	/System/Library/PrivateFrameworks/MetalTools.framework/Versions/A/MetalTools
0x0000000005410000 	/System/Library/PrivateFrameworks/AggregateDictionary.framework/Versions/A/AggregateDictionary
0x0000000005410000 	/System/Library/PrivateFrameworks/CoreAnalytics.framework/Versions/A/CoreAnalytics
0x0000000005410000 	/System/Library/PrivateFrameworks/AppleSauce.framework/Versions/A/AppleSauce
0x0000000005410000 	/usr/lib/libMobileGestalt.dylib
0x0000000005410000 	/usr/lib/libIOReport.dylib
0x0000000005410000 	/System/Library/Frameworks/CoreVideo.framework/Versions/A/CoreVideo
0x0000000005410000 	/System/Library/PrivateFrameworks/GraphVisualizer.framework/Versions/A/GraphVisualizer
0x0000000005410000 	/System/Library/PrivateFrameworks/FaceCore.framework/Versions/A/FaceCore
0x0000000005410000 	/System/Library/Frameworks/OpenCL.framework/Versions/A/OpenCL
0x0000000005410000 	/usr/lib/libFosl_dynamic.dylib
0x0000000005410000 	/System/Library/PrivateFrameworks/OTSVG.framework/Versions/A/OTSVG
0x0000000005410000 	/System/Library/Frameworks/ApplicationServices.framework/Versions/A/Frameworks/ATS.framework/Versions/A/Resources/libFontRegistry.dylib
0x0000000005410000 	/System/Library/PrivateFrameworks/FontServices.framework/libhvf.dylib
0x0000000005410000 	/System/Library/Frameworks/OpenGL.framework/Versions/A/Libraries/libGFXShared.dylib
0x0000000005410000 	/System/Library/Frameworks/OpenGL.framework/Versions/A/Libraries/libGLU.dylib
0x0000000005410000 	/System/Library/Frameworks/OpenGL.framework/Versions/A/Libraries/libGL.dylib
0x0000000005410000 	/System/Library/Frameworks/OpenGL.framework/Versions/A/Libraries/libGLImage.dylib
0x0000000005410000 	/System/Library/Frameworks/OpenGL.framework/Versions/A/Libraries/libCVMSPluginSupport.dylib
0x0000000005410000 	/System/Library/Frameworks/OpenGL.framework/Versions/A/Libraries/libCoreVMClient.dylib
0x0000000005410000 	/usr/lib/libncurses.5.4.dylib
0x0000000005410000 	/System/Library/Frameworks/ApplicationServices.framework/Versions/A/Frameworks/ATS.framework/Versions/A/ATS
0x0000000005410000 	/System/Library/Frameworks/ApplicationServices.framework/Versions/A/Frameworks/ColorSyncLegacy.framework/Versions/A/ColorSyncLegacy
0x0000000005410000 	/System/Library/Frameworks/ApplicationServices.framework/Versions/A/Frameworks/HIServices.framework/Versions/A/HIServices
0x0000000005410000 	/System/Library/Frameworks/ApplicationServices.framework/Versions/A/Frameworks/LangAnalysis.framework/Versions/A/LangAnalysis
0x0000000005410000 	/System/Library/Frameworks/ApplicationServices.framework/Versions/A/Frameworks/PrintCore.framework/Versions/A/PrintCore
0x0000000005410000 	/System/Library/Frameworks/ApplicationServices.framework/Versions/A/Frameworks/QD.framework/Versions/A/QD
0x0000000005410000 	/System/Library/Frameworks/ApplicationServices.framework/Versions/A/Frameworks/SpeechSynthesis.framework/Versions/A/SpeechSynthesis
0x0000000005410000 	/System/Library/Frameworks/ApplicationServices.framework/Versions/A/Frameworks/ATSUI.framework/Versions/A/ATSUI
0x0000000005410000 	/usr/lib/libcups.2.dylib
0x0000000005410000 	/System/Library/Frameworks/Kerberos.framework/Versions/A/Kerberos
0x0000000005410000 	/System/Library/Frameworks/GSS.framework/Versions/A/GSS
0x0000000005410000 	/usr/lib/libresolv.9.dylib
0x0000000005410000 	/System/Library/PrivateFrameworks/Heimdal.framework/Versions/A/Heimdal
0x0000000005410000 	/System/Library/Frameworks/Kerberos.framework/Versions/A/Libraries/libHeimdalProxy.dylib
0x0000000005410000 	/usr/lib/libheimdal-asn1.dylib
0x0000000005410000 	/System/Library/PrivateFrameworks/CommonAuth.framework/Versions/A/CommonAuth
0x0000000005410000 	/System/Library/PrivateFrameworks/AssertionServices.framework/Versions/A/AssertionServices
0x0000000005410000 	/System/Library/PrivateFrameworks/AudioToolboxCore.framework/Versions/A/AudioToolboxCore
0x0000000005410000 	/System/Library/PrivateFrameworks/caulk.framework/Versions/A/caulk
0x0000000005410000 	/System/Library/PrivateFrameworks/BaseBoard.framework/Versions/A/BaseBoard
0x0000000005410000 	/System/Library/PrivateFrameworks/RunningBoardServices.framework/Versions/A/RunningBoardServices
0x0000000005410000 	/System/Library/PrivateFrameworks/PersistentConnection.framework/Versions/A/PersistentConnection
0x0000000005410000 	/System/Library/PrivateFrameworks/ProtocolBuffer.framework/Versions/A/ProtocolBuffer
0x0000000005410000 	/System/Library/PrivateFrameworks/CommonUtilities.framework/Versions/A/CommonUtilities
0x0000000005410000 	/System/Library/PrivateFrameworks/Bom.framework/Versions/A/Bom
0x0000000005410000 	/usr/lib/libAudioToolboxUtility.dylib
0x0000000005410000 	/System/Library/PrivateFrameworks/Backup.framework/Versions/A/Backup
0x0000000005410000 	/System/Library/PrivateFrameworks/CrashReporterSupport.framework/Versions/A/CrashReporterSupport
0x0000000005410000 	/System/Library/PrivateFrameworks/Sharing.framework/Versions/A/Sharing
0x0000000005410000 	/System/Library/PrivateFrameworks/Apple80211.framework/Versions/A/Apple80211
0x0000000005410000 	/System/Library/PrivateFrameworks/AuthKit.framework/Versions/A/AuthKit
0x0000000005410000 	/System/Library/PrivateFrameworks/CoreUtils.framework/Versions/A/CoreUtils
0x0000000005410000 	/System/Library/Frameworks/CoreWLAN.framework/Versions/A/CoreWLAN
0x0000000005410000 	/System/Library/Frameworks/IOBluetooth.framework/Versions/A/IOBluetooth
0x0000000005410000 	/System/Library/PrivateFrameworks/MobileKeyBag.framework/Versions/A/MobileKeyBag
0x0000000005410000 	/System/Library/PrivateFrameworks/CorePhoneNumbers.framework/Versions/A/CorePhoneNumbers
0x0000000005410000 	/System/Library/PrivateFrameworks/AppleIDAuthSupport.framework/Versions/A/AppleIDAuthSupport
0x0000000005410000 	/System/Library/Frameworks/Network.framework/Versions/A/Network
0x0000000005410000 	/System/Library/PrivateFrameworks/KeychainCircle.framework/Versions/A/KeychainCircle
0x0000000005410000 	/System/Library/Frameworks/CoreBluetooth.framework/Versions/A/CoreBluetooth
0x0000000005410000 	/System/Library/PrivateFrameworks/SpeechRecognitionCore.framework/Versions/A/SpeechRecognitionCore
0x000000010f000000 	/Applications/Android Studio.app/Contents/jre/jdk/Contents/Home/jre/lib/server/libjvm.dylib
0x0000000005410000 	/usr/lib/libstdc++.6.dylib
0x000000010e786000 	/Applications/Android Studio.app/Contents/jre/jdk/Contents/Home/jre/lib/libverify.dylib
0x000000010e792000 	/Applications/Android Studio.app/Contents/jre/jdk/Contents/Home/jre/lib/libjava.dylib
0x000000010e7d0000 	/Applications/Android Studio.app/Contents/jre/jdk/Contents/Home/jre/lib/libzip.dylib
0x00000001151fd000 	/Applications/Android Studio.app/Contents/jre/jdk/Contents/Home/jre/lib/libnet.dylib
0x0000000115214000 	/Applications/Android Studio.app/Contents/jre/jdk/Contents/Home/jre/lib/libnio.dylib
0x000000011517f000 	/Users/mojtaba/.gradle/native/25/osx-amd64/libnative-platform.dylib
0x00000001268da000 	/Applications/Android Studio.app/Contents/jre/jdk/Contents/Home/jre/lib/libmanagement.dylib
0x000000011518a000 	/private/var/folders/5h/8sh4zc396k1ghghqxmj6nv580000gp/T/native-platform6370781436964362911dir/libnative-platform.dylib
0x0000000128277000 	/Applications/Android Studio.app/Contents/jre/jdk/Contents/Home/jre/lib/libsunec.dylib
0x0000000005410000 	/usr/lib/libusrtcp.dylib

VM Arguments:
jvm_args: -Xmx1536m -Dfile.encoding=UTF-8 -Duser.country=US -Duser.language=en -Duser.variant 
java_command: org.gradle.launcher.daemon.bootstrap.GradleDaemon 5.1.1
java_class_path (initial): /Users/mojtaba/.gradle/wrapper/dists/gradle-5.1.1-all/97z1ksx6lirer3kbvdnh7jtjg/gradle-5.1.1/lib/gradle-launcher-5.1.1.jar
Launcher Type: SUN_STANDARD

Environment Variables:
PATH=/usr/local/bin:/usr/bin:/bin:/usr/sbin:/sbin:/Library/Apple/usr/bin:/Library/Apple/bin:/Applications/VMware Fusion.app/Contents/Public
SHELL=/bin/bash

Signal Handlers:
SIGSEGV: [libjvm.dylib+0x570b99], sa_mask[0]=11111111011111110111111111111111, sa_flags=SA_ONSTACK|SA_RESTART|SA_SIGINFO
SIGBUS: [libjvm.dylib+0x570b99], sa_mask[0]=11111111011111110111111111111111, sa_flags=SA_RESTART|SA_SIGINFO
SIGFPE: [libjvm.dylib+0x461f81], sa_mask[0]=11111111011111110111111111111111, sa_flags=SA_RESTART|SA_SIGINFO
SIGPIPE: [libjvm.dylib+0x461f81], sa_mask[0]=11111111011111110111111111111111, sa_flags=SA_RESTART|SA_SIGINFO
SIGXFSZ: [libjvm.dylib+0x461f81], sa_mask[0]=11111111011111110111111111111111, sa_flags=SA_RESTART|SA_SIGINFO
SIGILL: [libjvm.dylib+0x461f81], sa_mask[0]=11111111011111110111111111111111, sa_flags=SA_RESTART|SA_SIGINFO
SIGUSR1: SIG_DFL, sa_mask[0]=00000000000000000000000000000000, sa_flags=none
SIGUSR2: [libjvm.dylib+0x462892], sa_mask[0]=00100000000000000000000000000000, sa_flags=SA_RESTART|SA_SIGINFO
SIGHUP: [libjvm.dylib+0x460a7b], sa_mask[0]=11111111011111110111111111111111, sa_flags=SA_RESTART|SA_SIGINFO
SIGINT: [libjvm.dylib+0x460a7b], sa_mask[0]=11111111011111110111111111111111, sa_flags=SA_RESTART|SA_SIGINFO
SIGTERM: [libjvm.dylib+0x460a7b], sa_mask[0]=11111111011111110111111111111111, sa_flags=SA_RESTART|SA_SIGINFO
SIGQUIT: [libjvm.dylib+0x460a7b], sa_mask[0]=11111111011111110111111111111111, sa_flags=SA_RESTART|SA_SIGINFO


---------------  S Y S T E M  ---------------

OS:Bsduname:Darwin 19.0.0 Darwin Kernel Version 19.0.0: Thu Jun 27 20:18:24 PDT 2019; root:xnu-6153.0.13.131.3~1/RELEASE_X86_64 x86_64
rlimit: STACK 8192k, CORE 0k, NPROC 709, NOFILE 10240, AS infinity
load average:5.06 4.08 3.43

CPU:total 4 (initial active 4) (2 cores per cpu, 2 threads per core) family 6 model 61 stepping 4, cmov, cx8, fxsr, mmx, sse, sse2, sse3, ssse3, sse4.1, sse4.2, popcnt, avx, avx2, aes, clmul, erms, 3dnowpref, lzcnt, ht, tsc, tscinvbit, bmi1, bmi2, adx

Memory: 4k page, physical 8388608k(16212k free)

/proc/meminfo:


vm_info: OpenJDK 64-Bit Server VM (25.152-b01) for bsd-amd64 JRE (1.8.0_152-release-1343-b01), built by "builder" with gcc 4.2.1 Compatible Apple LLVM 9.1.0 (clang-902.0.39.2)

time: Wed Jul 24 16:13:21 2019
elapsed time: 15354 seconds (0d 4h 15m 54s)

